生成启动时间为 2018-1-13 20:49:45。
     1>项目“Z:\Project Engineering\Audio intelligence improved\04. 工程程序\AudioII\AudioII\AudioII.vcxproj”在节点 2 上(build 个目标)。
     1>InitializeBuildStatus:
         正在创建“Debug\AudioII.unsuccessfulbuild”，因为已指定“AlwaysCreate”。
       ClCompile:
         所有输出均为最新。
         C:\Program Files\Microsoft Visual Studio 10.0\VC\bin\CL.exe /c /ZI /nologo /W3 /WX- /Od /Oy- /D WIN32 /D _WINDOWS /D _DEBUG /D _CRT_SECURE_NO_WARNINGS /D _UNICODE /D UNICODE /Gm /EHsc /RTC1 /MTd /GS /fp:precise /Zc:wchar_t /Zc:forScope /Yu"StdAfx.h" /Fp"Debug\AudioII.pch" /Fo"Debug\\" /Fd"Debug\vc100.pdb" /Gd /TP /analyze- /errorReport:prompt AudioIIDlg.cpp
         AudioIIDlg.cpp
         所有输出均为最新。
       ResourceCompile:
         所有输出均为最新。
       ManifestResourceCompile:
         所有输出均为最新。
       Link:
         C:\Program Files\Microsoft Visual Studio 10.0\VC\bin\link.exe /ERRORREPORT:PROMPT /OUT:"Z:\Project Engineering\Audio intelligence improved\04. 工程程序\AudioII\Debug\AudioII.exe" /INCREMENTAL /NOLOGO /MANIFEST /ManifestFile:"Debug\AudioII.exe.intermediate.manifest" /MANIFESTUAC:"level='asInvoker' uiAccess='false'" /DEBUG /PDB:"Z:\Project Engineering\Audio intelligence improved\04. 工程程序\AudioII\Debug\AudioII.pdb" /SUBSYSTEM:WINDOWS /TLBID:1 /ENTRY:"wWinMainCRTStartup" /DYNAMICBASE /NXCOMPAT /IMPLIB:"Z:\Project Engineering\Audio intelligence improved\04. 工程程序\AudioII\Debug\AudioII.lib" /MACHINE:X86 Debug\AudioII.res
         Debug\AudioII.exe.embed.manifest.res
         Debug\AudioII.obj
         Debug\AudioIIDlg.obj
         Debug\Common.obj
         Debug\MP3Struct.obj
         Debug\WAVStruct.obj
         Debug\stdafx.obj
       Manifest:
         C:\Program Files\Microsoft SDKs\Windows\v7.0A\bin\mt.exe /nologo /verbose /out:"Debug\AudioII.exe.embed.manifest" /manifest Debug\AudioII.exe.intermediate.manifest "C:\Program Files\Microsoft Visual Studio 10.0\VC\Include\Manifest\dpiaware.manifest"
         所有输出均为最新。
       LinkEmbedManifest:
         所有输出均为最新。
         AudioII.vcxproj -> Z:\Project Engineering\Audio intelligence improved\04. 工程程序\AudioII\Debug\AudioII.exe
       FinalizeBuildStatus:
         正在删除文件“Debug\AudioII.unsuccessfulbuild”。
         正在对“Debug\AudioII.lastbuildstate”执行 Touch 任务。
     1>已完成生成项目“Z:\Project Engineering\Audio intelligence improved\04. 工程程序\AudioII\AudioII\AudioII.vcxproj”(build 个目标)的操作。

生成成功。

已用时间 00:00:02.75
