Z:\PROJECT ENGINEERING\AII\04. 工程程序\AUDIOII\AUDIOII\DEBUG\AUDIOII.EXE.EMBED.MANIFEST
Z:\PROJECT ENGINEERING\AII\04. 工程程序\AUDIOII\AUDIOII\DEBUG\AUDIOII.EXE.EMBED.MANIFEST.RES
Z:\PROJECT ENGINEERING\AII\04. 工程程序\AUDIOII\AUDIOII\DEBUG\AUDIOII.EXE.INTERMEDIATE.MANIFEST
Z:\PROJECT ENGINEERING\AII\04. 工程程序\AUDIOII\AUDIOII\DEBUG\AUDIOII.OBJ
Z:\PROJECT ENGINEERING\AII\04. 工程程序\AUDIOII\AUDIOII\DEBUG\AUDIOII.PCH
Z:\PROJECT ENGINEERING\AII\04. 工程程序\AUDIOII\AUDIOII\DEBUG\AUDIOII.RES
Z:\PROJECT ENGINEERING\AII\04. 工程程序\AUDIOII\AUDIOII\DEBUG\AUDIOIIDLG.OBJ
Z:\PROJECT ENGINEERING\AII\04. 工程程序\AUDIOII\AUDIOII\DEBUG\COMMON.OBJ
Z:\PROJECT ENGINEERING\AII\04. 工程程序\AUDIOII\AUDIOII\DEBUG\MP3STRUCT.OBJ
Z:\PROJECT ENGINEERING\AII\04. 工程程序\AUDIOII\AUDIOII\DEBUG\STDAFX.OBJ
Z:\PROJECT ENGINEERING\AII\04. 工程程序\AUDIOII\AUDIOII\DEBUG\VC100.PDB
Z:\PROJECT ENGINEERING\AII\04. 工程程序\AUDIOII\AUDIOII\DEBUG\WAVSTRUCT.OBJ
Z:\PROJECT ENGINEERING\AII\04. 工程程序\AUDIOII\DEBUG\AUDIOII.EXE
Z:\PROJECT ENGINEERING\AII\04. 工程程序\AUDIOII\DEBUG\AUDIOII.ILK
Z:\PROJECT ENGINEERING\AII\04. 工程程序\AUDIOII\DEBUG\AUDIOII.PDB
Z:\Project Engineering\Audio intelligence improved\04. 工程程序\AudioII\AudioII\Debug\AudioII.exe.embed.manifest
Z:\PROJECT ENGINEERING\AUDIO INTELLIGENCE IMPROVED\04. 工程程序\AUDIOII\AUDIOII\DEBUG\AUDIOII.EXE.EMBED.MANIFEST.RES
Z:\PROJECT ENGINEERING\AUDIO INTELLIGENCE IMPROVED\04. 工程程序\AUDIOII\AUDIOII\DEBUG\AUDIOII.EXE.INTERMEDIATE.MANIFEST
Z:\PROJECT ENGINEERING\AUDIO INTELLIGENCE IMPROVED\04. 工程程序\AUDIOII\AUDIOII\DEBUG\AUDIOII.OBJ
Z:\PROJECT ENGINEERING\AUDIO INTELLIGENCE IMPROVED\04. 工程程序\AUDIOII\AUDIOII\DEBUG\AUDIOII.PCH
Z:\PROJECT ENGINEERING\AUDIO INTELLIGENCE IMPROVED\04. 工程程序\AUDIOII\AUDIOII\DEBUG\AUDIOII.RES
Z:\Project Engineering\Audio intelligence improved\04. 工程程序\AudioII\AudioII\Debug\AudioII_manifest.rc
Z:\PROJECT ENGINEERING\AUDIO INTELLIGENCE IMPROVED\04. 工程程序\AUDIOII\AUDIOII\DEBUG\AUDIOIIDLG.OBJ
Z:\Project Engineering\Audio intelligence improved\04. 工程程序\AudioII\AudioII\Debug\cl.command.1.tlog
Z:\Project Engineering\Audio intelligence improved\04. 工程程序\AudioII\AudioII\Debug\CL.read.1.tlog
Z:\Project Engineering\Audio intelligence improved\04. 工程程序\AudioII\AudioII\Debug\CL.write.1.tlog
Z:\PROJECT ENGINEERING\AUDIO INTELLIGENCE IMPROVED\04. 工程程序\AUDIOII\AUDIOII\DEBUG\COMMON.OBJ
Z:\Project Engineering\Audio intelligence improved\04. 工程程序\AudioII\AudioII\Debug\link.command.1.tlog
Z:\Project Engineering\Audio intelligence improved\04. 工程程序\AudioII\AudioII\Debug\link.read.1.tlog
Z:\Project Engineering\Audio intelligence improved\04. 工程程序\AudioII\AudioII\Debug\link.write.1.tlog
Z:\Project Engineering\Audio intelligence improved\04. 工程程序\AudioII\AudioII\Debug\link-cvtres.read.1.tlog
Z:\Project Engineering\Audio intelligence improved\04. 工程程序\AudioII\AudioII\Debug\link-cvtres.write.1.tlog
Z:\PROJECT ENGINEERING\AUDIO INTELLIGENCE IMPROVED\04. 工程程序\AUDIOII\AUDIOII\DEBUG\MP3STRUCT.OBJ
Z:\Project Engineering\Audio intelligence improved\04. 工程程序\AudioII\AudioII\Debug\mt.command.1.tlog
Z:\Project Engineering\Audio intelligence improved\04. 工程程序\AudioII\AudioII\Debug\mt.read.1.tlog
Z:\Project Engineering\Audio intelligence improved\04. 工程程序\AudioII\AudioII\Debug\mt.write.1.tlog
Z:\Project Engineering\Audio intelligence improved\04. 工程程序\AudioII\AudioII\Debug\rc.command.1.tlog
Z:\Project Engineering\Audio intelligence improved\04. 工程程序\AudioII\AudioII\Debug\rc.read.1.tlog
Z:\Project Engineering\Audio intelligence improved\04. 工程程序\AudioII\AudioII\Debug\rc.write.1.tlog
Z:\PROJECT ENGINEERING\AUDIO INTELLIGENCE IMPROVED\04. 工程程序\AUDIOII\AUDIOII\DEBUG\STDAFX.OBJ
Z:\Project Engineering\Audio intelligence improved\04. 工程程序\AudioII\AudioII\Debug\vc100.idb
Z:\PROJECT ENGINEERING\AUDIO INTELLIGENCE IMPROVED\04. 工程程序\AUDIOII\AUDIOII\DEBUG\VC100.PDB
Z:\PROJECT ENGINEERING\AUDIO INTELLIGENCE IMPROVED\04. 工程程序\AUDIOII\AUDIOII\DEBUG\WAVSTRUCT.OBJ
Z:\PROJECT ENGINEERING\AUDIO INTELLIGENCE IMPROVED\04. 工程程序\AUDIOII\DEBUG\AUDIOII.EXE
Z:\PROJECT ENGINEERING\AUDIO INTELLIGENCE IMPROVED\04. 工程程序\AUDIOII\DEBUG\AUDIOII.ILK
Z:\PROJECT ENGINEERING\AUDIO INTELLIGENCE IMPROVED\04. 工程程序\AUDIOII\DEBUG\AUDIOII.PDB
